  Data.cpp
  CameraBase.cpp
  CameraManager.cpp
  DebugCamera.cpp
  PlayCamera.cpp
  CollisionManager.cpp
  effekseer.cpp
  Field.cpp
  Sky.cpp
  Actor.cpp
  Object.cpp
  Player.cpp
  SceneClear.cpp
  SceneGame.cpp
  SceneGameover.cpp
  SceneManager.cpp
  SceneTitle.cpp
  Score.cpp
  SoundManager.cpp
  Fade.cpp
  コンパイル中...
  Frame.cpp
  Input.cpp
  Hit.cpp
  Vector.cpp
  Main.cpp
  コード生成しています。
  Previous IPDB not found, fall back to full compilation.
  All 340 functions were compiled because no usable IPDB/IOBJ from previous compilation was found.
  コード生成が終了しました。
  Rhythm_Dungeon.vcxproj -> C:\Users\2409407\Desktop\提出フォルダー\Rhythm_Dungeon\x64\Release\Rhythm_Dungeon.exe
