c:\users\2409407\desktop\提出フォルダー\rhythm_dungeon\rhythm_dungeon\x64\debug\vc143.pdb
c:\users\2409407\desktop\提出フォルダー\rhythm_dungeon\rhythm_dungeon\x64\debug\vc143.idb
c:\users\2409407\desktop\提出フォルダー\rhythm_dungeon\rhythm_dungeon\x64\debug\fade.obj
c:\users\2409407\desktop\提出フォルダー\rhythm_dungeon\rhythm_dungeon\x64\debug\soundmanager.obj
c:\users\2409407\desktop\提出フォルダー\rhythm_dungeon\rhythm_dungeon\x64\debug\score.obj
c:\users\2409407\desktop\提出フォルダー\rhythm_dungeon\rhythm_dungeon\x64\debug\scenetitle.obj
c:\users\2409407\desktop\提出フォルダー\rhythm_dungeon\rhythm_dungeon\x64\debug\scenemanager.obj
c:\users\2409407\desktop\提出フォルダー\rhythm_dungeon\rhythm_dungeon\x64\debug\scenegameover.obj
c:\users\2409407\desktop\提出フォルダー\rhythm_dungeon\rhythm_dungeon\x64\debug\sceneclear.obj
c:\users\2409407\desktop\提出フォルダー\rhythm_dungeon\rhythm_dungeon\x64\debug\player.obj
c:\users\2409407\desktop\提出フォルダー\rhythm_dungeon\rhythm_dungeon\x64\debug\object.obj
c:\users\2409407\desktop\提出フォルダー\rhythm_dungeon\rhythm_dungeon\x64\debug\actor.obj
c:\users\2409407\desktop\提出フォルダー\rhythm_dungeon\rhythm_dungeon\x64\debug\sky.obj
c:\users\2409407\desktop\提出フォルダー\rhythm_dungeon\rhythm_dungeon\x64\debug\field.obj
c:\users\2409407\desktop\提出フォルダー\rhythm_dungeon\rhythm_dungeon\x64\debug\collisionmanager.obj
c:\users\2409407\desktop\提出フォルダー\rhythm_dungeon\rhythm_dungeon\x64\debug\debugcamera.obj
c:\users\2409407\desktop\提出フォルダー\rhythm_dungeon\rhythm_dungeon\x64\debug\cameramanager.obj
c:\users\2409407\desktop\提出フォルダー\rhythm_dungeon\rhythm_dungeon\x64\debug\camerabase.obj
c:\users\2409407\desktop\提出フォルダー\rhythm_dungeon\rhythm_dungeon\x64\debug\data.obj
c:\users\2409407\desktop\提出フォルダー\rhythm_dungeon\rhythm_dungeon\x64\debug\vector.obj
c:\users\2409407\desktop\提出フォルダー\rhythm_dungeon\rhythm_dungeon\x64\debug\hit.obj
c:\users\2409407\desktop\提出フォルダー\rhythm_dungeon\rhythm_dungeon\x64\debug\input.obj
c:\users\2409407\desktop\提出フォルダー\rhythm_dungeon\rhythm_dungeon\x64\debug\frame.obj
c:\users\2409407\desktop\提出フォルダー\rhythm_dungeon\rhythm_dungeon\x64\debug\rhythm_dungeon.tlog\cl.command.1.tlog
c:\users\2409407\desktop\提出フォルダー\rhythm_dungeon\rhythm_dungeon\x64\debug\rhythm_dungeon.tlog\cl.read.1.tlog
c:\users\2409407\desktop\提出フォルダー\rhythm_dungeon\rhythm_dungeon\x64\debug\rhythm_dungeon.tlog\cl.write.1.tlog
